生成启动时间为 2018/3/19 21:59:26。
     1>项目“D:\program\13roman\13roman\13roman.vcxproj”在节点 2 上(build 个目标)。
     1>InitializeBuildStatus:
         正在创建“Debug\13roman.unsuccessfulbuild”，因为已指定“AlwaysCreate”。
       ClCompile:
         所有输出均为最新。
         D:\Softwares\Microsoft Visual Studio 10.0\VC\bin\CL.exe /c /I"D:\Softwares\glpk-4.45\include" /I"D:\Softwares\glpk-4.45\src" /ZI /nologo /W3 /WX- /Od /Oy- /D WIN32 /D _DEBUG /D _CONSOLE /D _UNICODE /D UNICODE /Gm /EHsc /RTC1 /MDd /GS /fp:precise /Zc:wchar_t /Zc:forScope /Yu"StdAfx.h" /Fp"Debug\13roman.pch" /Fo"Debug\\" /Fd"Debug\vc100.pdb" /Gd /TP /analyze- /errorReport:prompt 13roman.cpp
         13roman.cpp
     1>d:\program\13roman\13roman\13roman.cpp(45): warning C4018: “<”: 有符号/无符号不匹配
       ManifestResourceCompile:
         所有输出均为最新。
       Link:
         D:\Softwares\Microsoft Visual Studio 10.0\VC\bin\link.exe /ERRORREPORT:PROMPT /OUT:"D:\program\13roman\Debug\13roman.exe" /INCREMENTAL /NOLOGO /LIBPATH:"D:\Softwares\glpk-4.45\w32" glpk.lib kernel32.lib user32.lib gdi32.lib winspool.lib comdlg32.lib advapi32.lib shell32.lib ole32.lib oleaut32.lib uuid.lib odbc32.lib odbccp32.lib /MANIFEST /ManifestFile:"Debug\13roman.exe.intermediate.manifest" /MANIFESTUAC:"level='asInvoker' uiAccess='false'" /DEBUG /PDB:"D:\program\13roman\Debug\13roman.pdb" /SUBSYSTEM:CONSOLE /TLBID:1 /DYNAMICBASE /NXCOMPAT /IMPLIB:"D:\program\13roman\Debug\13roman.lib" /MACHINE:X86 Debug\13roman.exe.embed.manifest.res
         Debug\13roman.obj
         Debug\stdafx.obj
       Manifest:
         C:\Program Files (x86)\Microsoft SDKs\Windows\v7.0A\bin\mt.exe /nologo /verbose /out:"Debug\13roman.exe.embed.manifest" /manifest Debug\13roman.exe.intermediate.manifest
         所有输出均为最新。
       LinkEmbedManifest:
         所有输出均为最新。
         13roman.vcxproj -> D:\program\13roman\Debug\13roman.exe
       FinalizeBuildStatus:
         正在删除文件“Debug\13roman.unsuccessfulbuild”。
         正在对“Debug\13roman.lastbuildstate”执行 Touch 任务。
     1>已完成生成项目“D:\program\13roman\13roman\13roman.vcxproj”(build 个目标)的操作。

生成成功。

已用时间 00:00:01.26
