生成启动时间为 2018/3/20 21:43:46。
     1>项目“D:\program\LCP\LCP\LCP.vcxproj”在节点 2 上(build 个目标)。
     1>InitializeBuildStatus:
         正在创建“Debug\LCP.unsuccessfulbuild”，因为已指定“AlwaysCreate”。
       ClCompile:
         所有输出均为最新。
         D:\Softwares\Microsoft Visual Studio 10.0\VC\bin\CL.exe /c /I"D:\Softwares\glpk-4.45\include" /I"D:\Softwares\glpk-4.45\src" /ZI /nologo /W3 /WX- /Od /Oy- /D WIN32 /D _DEBUG /D _CONSOLE /D _UNICODE /D UNICODE /Gm /EHsc /RTC1 /MDd /GS /fp:precise /Zc:wchar_t /Zc:forScope /Yu"StdAfx.h" /Fp"Debug\LCP.pch" /Fo"Debug\\" /Fd"Debug\vc100.pdb" /Gd /TP /analyze- /errorReport:prompt LCP.cpp
         LCP.cpp
     1>d:\program\lcp\lcp\lcp.cpp(16): warning C4018: “<”: 有符号/无符号不匹配
     1>d:\program\lcp\lcp\lcp.cpp(19): warning C4018: “<”: 有符号/无符号不匹配
     1>d:\program\lcp\lcp\lcp.cpp(19): warning C4018: “>”: 有符号/无符号不匹配
       ManifestResourceCompile:
         所有输出均为最新。
       Link:
         D:\Softwares\Microsoft Visual Studio 10.0\VC\bin\link.exe /ERRORREPORT:PROMPT /OUT:"D:\program\LCP\Debug\LCP.exe" /INCREMENTAL /NOLOGO /LIBPATH:"D:\Softwares\glpk-4.45\w32" glpk.lib kernel32.lib user32.lib gdi32.lib winspool.lib comdlg32.lib advapi32.lib shell32.lib ole32.lib oleaut32.lib uuid.lib odbc32.lib odbccp32.lib /MANIFEST /ManifestFile:"Debug\LCP.exe.intermediate.manifest" /MANIFESTUAC:"level='asInvoker' uiAccess='false'" /DEBUG /PDB:"D:\program\LCP\Debug\LCP.pdb" /SUBSYSTEM:CONSOLE /TLBID:1 /DYNAMICBASE /NXCOMPAT /IMPLIB:"D:\program\LCP\Debug\LCP.lib" /MACHINE:X86 Debug\LCP.exe.embed.manifest.res
         Debug\LCP.obj
         Debug\stdafx.obj
       Manifest:
         C:\Program Files (x86)\Microsoft SDKs\Windows\v7.0A\bin\mt.exe /nologo /verbose /out:"Debug\LCP.exe.embed.manifest" /manifest Debug\LCP.exe.intermediate.manifest
         所有输出均为最新。
       LinkEmbedManifest:
         所有输出均为最新。
         LCP.vcxproj -> D:\program\LCP\Debug\LCP.exe
       FinalizeBuildStatus:
         正在删除文件“Debug\LCP.unsuccessfulbuild”。
         正在对“Debug\LCP.lastbuildstate”执行 Touch 任务。
     1>已完成生成项目“D:\program\LCP\LCP\LCP.vcxproj”(build 个目标)的操作。

生成成功。

已用时间 00:00:01.24
