生成启动时间为 2018/3/17 11:34:09。
     1>项目“D:\program\9huiwen\9huiwen\9huiwen.vcxproj”在节点 2 上(build 个目标)。
     1>InitializeBuildStatus:
         正在创建“Debug\9huiwen.unsuccessfulbuild”，因为已指定“AlwaysCreate”。
       ClCompile:
         所有输出均为最新。
         D:\Softwares\Microsoft Visual Studio 10.0\VC\bin\CL.exe /c /I"D:\Softwares\glpk-4.45\include" /I"D:\Softwares\glpk-4.45\src" /ZI /nologo /W3 /WX- /Od /Oy- /D WIN32 /D _DEBUG /D _CONSOLE /D _UNICODE /D UNICODE /Gm /EHsc /RTC1 /MDd /GS /fp:precise /Zc:wchar_t /Zc:forScope /Yu"StdAfx.h" /Fp"Debug\9huiwen.pch" /Fo"Debug\\" /Fd"Debug\vc100.pdb" /Gd /TP /analyze- /errorReport:prompt 9huiwen.cpp
         9huiwen.cpp
       ManifestResourceCompile:
         所有输出均为最新。
       Link:
         D:\Softwares\Microsoft Visual Studio 10.0\VC\bin\link.exe /ERRORREPORT:PROMPT /OUT:"D:\program\9huiwen\Debug\9huiwen.exe" /INCREMENTAL /NOLOGO /LIBPATH:"D:\Softwares\glpk-4.45\w32" glpk.lib kernel32.lib user32.lib gdi32.lib winspool.lib comdlg32.lib advapi32.lib shell32.lib ole32.lib oleaut32.lib uuid.lib odbc32.lib odbccp32.lib /MANIFEST /ManifestFile:"Debug\9huiwen.exe.intermediate.manifest" /MANIFESTUAC:"level='asInvoker' uiAccess='false'" /DEBUG /PDB:"D:\program\9huiwen\Debug\9huiwen.pdb" /SUBSYSTEM:CONSOLE /TLBID:1 /DYNAMICBASE /NXCOMPAT /IMPLIB:"D:\program\9huiwen\Debug\9huiwen.lib" /MACHINE:X86 Debug\9huiwen.exe.embed.manifest.res
         Debug\9huiwen.obj
         Debug\stdafx.obj
       Manifest:
         C:\Program Files (x86)\Microsoft SDKs\Windows\v7.0A\bin\mt.exe /nologo /verbose /out:"Debug\9huiwen.exe.embed.manifest" /manifest Debug\9huiwen.exe.intermediate.manifest
         所有输出均为最新。
       LinkEmbedManifest:
         所有输出均为最新。
         9huiwen.vcxproj -> D:\program\9huiwen\Debug\9huiwen.exe
       FinalizeBuildStatus:
         正在删除文件“Debug\9huiwen.unsuccessfulbuild”。
         正在对“Debug\9huiwen.lastbuildstate”执行 Touch 任务。
     1>已完成生成项目“D:\program\9huiwen\9huiwen\9huiwen.vcxproj”(build 个目标)的操作。

生成成功。

已用时间 00:00:01.68
